2022-12-22 11:33:36,356 : ERROR : main :  : WindowsDefenderExceptionHandler :  :  : PowerShell command powershell -inputformat none -outputformat text -NonInteractive -Command Get-Item -Path 'Registry::HKEY_LOCAL_MACHINE\SOFTWARE\Microsoft\Windows Defender\Exclusions\Processes' -ErrorAction Stop | Select-Object -ExpandProperty Property did not terminate successfully.
2022-12-22 11:33:36,357 : ERROR : main :  : WindowsDefenderExceptionHandler :  :  : Stderr is:
2022-12-22 11:33:36,357 : ERROR : main :  : WindowsDefenderExceptionHandler :  :  : Get-Item : Requested registry access is not allowed.
2022-12-22 11:33:36,357 : ERROR : main :  : WindowsDefenderExceptionHandler :  :  : At line:1 char:1
2022-12-22 11:33:36,357 : ERROR : main :  : WindowsDefenderExceptionHandler :  :  : + Get-Item -Path 'Registry::HKEY_LOCAL_MACHINE\SOFTWARE\Microsoft\Windo ...
2022-12-22 11:33:36,357 : ERROR : main :  : WindowsDefenderExceptionHandler :  :  : + ~~~~~~~~~~~~~~~~~~~~~~~~~~~~~~~~~~~~~~~~~~~~~~~~~~~~~~~~~~~~~~~~~~~~~
2022-12-22 11:33:36,357 : ERROR : main :  : WindowsDefenderExceptionHandler :  :  :     + CategoryInfo          : PermissionDenied: (HKEY_LOCAL_MACH...sions\Processes:String) [Get-Item], SecurityExcepti 
2022-12-22 11:33:36,357 : ERROR : main :  : WindowsDefenderExceptionHandler :  :  :    on
2022-12-22 11:33:36,357 : ERROR : main :  : WindowsDefenderExceptionHandler :  :  :     + FullyQualifiedErrorId : System.Security.SecurityException,Microsoft.PowerShell.Commands.GetItemCommand
2022-12-22 11:33:36,358 : ERROR : main :  : WindowsDefenderExceptionHandler :  :  :  
2022-12-22 11:34:15,734 : WARN  : Worker-3: Downloading statistics for node recommendations. :  : WorkflowCoachView :  :  : Could not update node recommendations statistics.
java.io.IOException: Downloaded file doesn't contain node recommendation data.
	at org.knime.workbench.workflowcoach.data.AbstractFileDownloadTripleProvider.checkDownloadedFile(AbstractFileDownloadTripleProvider.java:197)
	at org.knime.workbench.workflowcoach.data.AbstractFileDownloadTripleProvider.update(AbstractFileDownloadTripleProvider.java:176)
	at org.knime.workbench.workflowcoach.prefs.UpdateJob.run(UpdateJob.java:132)
	at org.eclipse.core.internal.jobs.Worker.run(Worker.java:63)
Caused by: java.nio.file.NoSuchFileException: D:\Github\KNIME\.metadata\knime\file_download.temp
	at java.base/sun.nio.fs.WindowsException.translateToIOException(Unknown Source)
	at java.base/sun.nio.fs.WindowsException.rethrowAsIOException(Unknown Source)
	at java.base/sun.nio.fs.WindowsException.rethrowAsIOException(Unknown Source)
	at java.base/sun.nio.fs.WindowsFileSystemProvider.newByteChannel(Unknown Source)
	at java.base/java.nio.file.Files.newByteChannel(Unknown Source)
	at java.base/java.nio.file.Files.newByteChannel(Unknown Source)
	at java.base/java.nio.file.spi.FileSystemProvider.newInputStream(Unknown Source)
	at java.base/java.nio.file.Files.newInputStream(Unknown Source)
	at org.knime.workbench.workflowcoach.data.AbstractFileDownloadTripleProvider.checkDownloadedFile(AbstractFileDownloadTripleProvider.java:194)
	... 3 more
2022-12-22 11:36:31,321 : WARN  : main :  : Node : Read Excel Sheet Names : 3:1 : Please specify a file
2022-12-22 11:39:03,491 : WARN  : main :  : WorkflowEditorFileDropTargetListener :  :  : Can currently only drop one item at a time
2022-12-22 11:43:11,036 : WARN  : KNIME-Worker-6-Excel Reader 3:1 :  : Node : Excel Reader : 3:1 : Node created an empty data table.
2022-12-22 11:43:14,030 : WARN  : KNIME-Worker-7-Excel Reader 3:1 :  : Node : Excel Reader : 3:1 : Node created an empty data table.
2022-12-22 11:45:18,046 : WARN  : main :  : Node : Excel Reader : 3:1 : The node configuration changed and the table spec will be recalculated during execution.
2022-12-22 11:45:18,349 : WARN  : main :  : Node : Excel Reader : 3:1 : The node configuration changed and the table spec will be recalculated during execution.
2022-12-22 11:56:24,366 : WARN  : main :  : Node : Excel Reader : 3:1 : The node configuration changed and the table spec will be recalculated during execution.
2022-12-22 13:16:50,040 : WARN  : main :  : PasteAction :  :  : System clipboard does not contain KNIME workflow contents.
java.lang.IllegalArgumentException: System clipboard does not contain KNIME workflow contents.
	at org.knime.shared.workflow.storage.clipboard.SystemClipboardFormat.lambda$0(SystemClipboardFormat.java:90)
	at org.knime.shared.workflow.storage.clipboard.SystemClipboardFormat.deserialize(SystemClipboardFormat.java:163)
	at org.knime.workbench.editor2.actions.PasteAction.getSystemClipboardAsDef(PasteAction.java:145)
	at org.knime.workbench.editor2.actions.PasteAction.runOnNodes(PasteAction.java:185)
	at org.knime.workbench.editor2.actions.AbstractNodeAction.runInSWT(AbstractNodeAction.java:174)
	at org.knime.workbench.editor2.actions.AbstractNodeAction$1.run(AbstractNodeAction.java:160)
	at org.eclipse.swt.widgets.Synchronizer.syncExec(Synchronizer.java:183)
	at org.eclipse.ui.internal.UISynchronizer.syncExec(UISynchronizer.java:133)
	at org.eclipse.swt.widgets.Display.syncExec(Display.java:4790)
	at org.knime.workbench.editor2.actions.AbstractNodeAction.run(AbstractNodeAction.java:157)
	at org.eclipse.jface.action.Action.runWithEvent(Action.java:474)
	at org.eclipse.jface.commands.ActionHandler.execute(ActionHandler.java:121)
	at org.eclipse.ui.internal.handlers.E4HandlerProxy.execute(E4HandlerProxy.java:97)
	at java.base/jdk.internal.reflect.NativeMethodAccessorImpl.invoke0(Native Method)
	at java.base/jdk.internal.reflect.NativeMethodAccessorImpl.invoke(Unknown Source)
	at java.base/jdk.internal.reflect.DelegatingMethodAccessorImpl.invoke(Unknown Source)
	at java.base/java.lang.reflect.Method.invoke(Unknown Source)
	at org.eclipse.e4.core.internal.di.MethodRequestor.execute(MethodRequestor.java:58)
	at org.eclipse.e4.core.internal.di.InjectorImpl.invokeUsingClass(InjectorImpl.java:317)
	at org.eclipse.e4.core.internal.di.InjectorImpl.invoke(InjectorImpl.java:251)
	at org.eclipse.e4.core.contexts.ContextInjectionFactory.invoke(ContextInjectionFactory.java:173)
	at org.eclipse.e4.core.commands.internal.HandlerServiceHandler.execute(HandlerServiceHandler.java:156)
	at org.eclipse.core.commands.Command.executeWithChecks(Command.java:488)
	at org.eclipse.core.commands.ParameterizedCommand.executeWithChecks(ParameterizedCommand.java:485)
	at org.eclipse.e4.core.commands.internal.HandlerServiceImpl.executeHandler(HandlerServiceImpl.java:213)
	at org.eclipse.e4.ui.bindings.keys.KeyBindingDispatcher.executeCommand(KeyBindingDispatcher.java:308)
	at org.eclipse.e4.ui.bindings.keys.KeyBindingDispatcher.press(KeyBindingDispatcher.java:580)
	at org.eclipse.e4.ui.bindings.keys.KeyBindingDispatcher.processKeyEvent(KeyBindingDispatcher.java:647)
	at org.eclipse.e4.ui.bindings.keys.KeyBindingDispatcher.filterKeySequenceBindings(KeyBindingDispatcher.java:439)
	at org.eclipse.e4.ui.bindings.keys.KeyBindingDispatcher$KeyDownFilter.handleEvent(KeyBindingDispatcher.java:96)
	at org.eclipse.swt.widgets.EventTable.sendEvent(EventTable.java:89)
	at org.eclipse.swt.widgets.Display.filterEvent(Display.java:1262)
	at org.eclipse.swt.widgets.Widget.sendEvent(Widget.java:1065)
	at org.eclipse.swt.widgets.Widget.sendEvent(Widget.java:1090)
	at org.eclipse.swt.widgets.Widget.sendEvent(Widget.java:1075)
	at org.eclipse.swt.widgets.Widget.sendKeyEvent(Widget.java:1117)
	at org.eclipse.swt.widgets.Shell.sendKeyEvent(Shell.java:1463)
	at org.eclipse.swt.widgets.Widget.sendKeyEvent(Widget.java:1113)
	at org.eclipse.swt.widgets.Widget.wmChar(Widget.java:1542)
	at org.eclipse.swt.widgets.Control.WM_CHAR(Control.java:4868)
	at org.eclipse.swt.widgets.Canvas.WM_CHAR(Canvas.java:345)
	at org.eclipse.swt.widgets.Control.windowProc(Control.java:4746)
	at org.eclipse.swt.widgets.Canvas.windowProc(Canvas.java:340)
	at org.eclipse.swt.widgets.Decorations.windowProc(Decorations.java:1480)
	at org.eclipse.swt.widgets.Shell.windowProc(Shell.java:2286)
	at org.eclipse.swt.widgets.Display.windowProc(Display.java:5026)
	at org.eclipse.swt.internal.win32.OS.DispatchMessage(Native Method)
	at org.eclipse.swt.widgets.Display.readAndDispatch(Display.java:3643)
	at org.eclipse.e4.ui.internal.workbench.swt.PartRenderingEngine$5.run(PartRenderingEngine.java:1155)
	at org.eclipse.core.databinding.observable.Realm.runWithDefault(Realm.java:338)
	at org.eclipse.e4.ui.internal.workbench.swt.PartRenderingEngine.run(PartRenderingEngine.java:1046)
	at org.eclipse.e4.ui.internal.workbench.E4Workbench.createAndRunUI(E4Workbench.java:155)
	at org.eclipse.ui.internal.Workbench.lambda$3(Workbench.java:644)
	at org.eclipse.core.databinding.observable.Realm.runWithDefault(Realm.java:338)
	at org.eclipse.ui.internal.Workbench.createAndRunWorkbench(Workbench.java:551)
	at org.eclipse.ui.PlatformUI.createAndRunWorkbench(PlatformUI.java:156)
	at org.knime.product.rcp.KNIMEApplication.start(KNIMEApplication.java:191)
	at org.eclipse.equinox.internal.app.EclipseAppHandle.run(EclipseAppHandle.java:203)
	at org.eclipse.core.runtime.internal.adaptor.EclipseAppLauncher.runApplication(EclipseAppLauncher.java:136)
	at org.eclipse.core.runtime.internal.adaptor.EclipseAppLauncher.start(EclipseAppLauncher.java:104)
	at org.eclipse.core.runtime.adaptor.EclipseStarter.run(EclipseStarter.java:402)
	at org.eclipse.core.runtime.adaptor.EclipseStarter.run(EclipseStarter.java:255)
	at java.base/jdk.internal.reflect.NativeMethodAccessorImpl.invoke0(Native Method)
	at java.base/jdk.internal.reflect.NativeMethodAccessorImpl.invoke(Unknown Source)
	at java.base/jdk.internal.reflect.DelegatingMethodAccessorImpl.invoke(Unknown Source)
	at java.base/java.lang.reflect.Method.invoke(Unknown Source)
	at org.eclipse.equinox.launcher.Main.invokeFramework(Main.java:659)
	at org.eclipse.equinox.launcher.Main.basicRun(Main.java:596)
	at org.eclipse.equinox.launcher.Main.run(Main.java:1467)
2022-12-22 13:18:39,204 : WARN  : ModalContext :  : Node : List Files (deprecated) : 4:1 : "C:\Data\tmp" does not exist or is not a directory
2022-12-22 13:18:39,212 : WARN  : ModalContext :  : Node : Excel Reader (XLS) (deprecated) : 4:3 : The file 'C:\Data\tmp\Map1.xlsx' can't be accessed anymore!
2022-12-22 13:20:17,082 : WARN  : main :  : Node : List Files/Folders : 3:3 : Please specify a folder
2023-03-22 12:04:51,692 : WARN  : ModalContext :  : Node : List Files (deprecated) : 3:1 : "C:\Data\tmp" does not exist or is not a directory
2023-03-22 12:57:52,147 : WARN  : ModalContext :  : Node : Workflow Data Area Connector : 3:32 : Connection no longer available. Please re-execute the node.
2023-03-22 12:57:52,156 : WARN  : ModalContext :  : Node : Table Reader : 3:33 : No connection available. Execute the connector node first.
2023-03-22 12:57:52,162 : WARN  : ModalContext :  : Node : MISSING Bar Chart (Labs) : 3:34 : Errors overwriting node settings with flow variables: Unknown variable "Row3"
2023-03-22 12:57:52,188 : WARN  : ModalContext :  : Node : MISSING Bar Chart (Labs) : 3:29 : Node can't be executed - Node "Bar Chart (Labs)" not available from extension "KNIME Views (Labs)" (provided by "KNIME AG, Zurich, Switzerland"; plugin "org.knime.base.views" is not installed)
2023-03-22 12:57:52,188 : WARN  : ModalContext :  : Node : MISSING Bar Chart (Labs) : 3:31 : Node can't be executed - Node "Bar Chart (Labs)" not available from extension "KNIME Views (Labs)" (provided by "KNIME AG, Zurich, Switzerland"; plugin "org.knime.base.views" is not installed)
2023-03-22 12:57:52,257 : ERROR : ModalContext :  : LoadWorkflowRunnable :  :  : Errors during load: Status: DataLoadError: 01_Example_for_Bar_Chart 3 loaded with error during data load
2023-03-22 12:57:52,257 : ERROR : ModalContext :  : LoadWorkflowRunnable :  :  :   Status: DataLoadError: 01_Example_for_Bar_Chart 3
2023-03-22 12:57:52,257 : ERROR : ModalContext :  : LoadWorkflowRunnable :  :  :     Status: Error: Node "Bar Chart (Labs)" not available from extension "KNIME Views (Labs)" (provided by "KNIME AG, Zurich, Switzerland"; plugin "org.knime.base.views" is not installed)
2023-03-22 12:57:52,257 : ERROR : ModalContext :  : LoadWorkflowRunnable :  :  :     Status: Error: Node "Bar Chart (Labs)" not available from extension "KNIME Views (Labs)" (provided by "KNIME AG, Zurich, Switzerland"; plugin "org.knime.base.views" is not installed)
2023-03-22 12:57:52,258 : ERROR : ModalContext :  : LoadWorkflowRunnable :  :  :     Status: Error: Node "Bar Chart (Labs)" not available from extension "KNIME Views (Labs)" (provided by "KNIME AG, Zurich, Switzerland"; plugin "org.knime.base.views" is not installed)
2023-03-22 12:57:52,258 : ERROR : ModalContext :  : LoadWorkflowRunnable :  :  :     Status: DataLoadError: Workflow Data Area Connector 3:32
2023-03-22 12:57:52,258 : ERROR : ModalContext :  : LoadWorkflowRunnable :  :  :       Status: DataLoadError: Unable to load port content for node "Workflow Data Area Connector": Can't read spec file C:\Users\ADMIN\AppData\Local\Temp\knime_temp_space_NAM_88450\01_Example_for_Bar_Chart88451\01_Example_for_Bar_Chart\KNIME Workflow Data Area Connector (#32)\port_1\spec\spec.zip
2023-03-22 12:57:52,258 : ERROR : ModalContext :  : LoadWorkflowRunnable :  :  :       Status: DataLoadError: State has changed from EXECUTED to CONFIGURED
2023-03-22 12:57:52,258 : ERROR : ModalContext :  : LoadWorkflowRunnable :  :  :     Status: DataLoadError: Table Creator 3:35
2023-03-22 12:57:52,258 : ERROR : ModalContext :  : LoadWorkflowRunnable :  :  :       Status: DataLoadError: Unable to load port content for node "Table Creator": No such data file: C:\Users\ADMIN\AppData\Local\Temp\knime_temp_space_NAM_88450\01_Example_for_Bar_Chart88451\01_Example_for_Bar_Chart\Table Creator (#35)\port_1\data.xml
2023-03-22 12:57:52,258 : ERROR : ModalContext :  : LoadWorkflowRunnable :  :  :       Status: DataLoadError: State has changed from EXECUTED to CONFIGURED
2023-03-22 12:57:52,258 : ERROR : ModalContext :  : LoadWorkflowRunnable :  :  :     Status: DataLoadError: Table Reader 3:33
2023-03-22 12:57:52,258 : ERROR : ModalContext :  : LoadWorkflowRunnable :  :  :       Status: DataLoadError: Unable to load port content for node "Table Reader": No such data file: C:\Users\ADMIN\AppData\Local\Temp\knime_temp_space_NAM_88450\01_Example_for_Bar_Chart88451\01_Example_for_Bar_Chart\Table Reader (#33)\port_1\data.xml
2023-03-22 12:57:52,258 : ERROR : ModalContext :  : LoadWorkflowRunnable :  :  :     Status: DataLoadError: Table Column to Variable 3:36
2023-03-22 12:57:52,258 : ERROR : ModalContext :  : LoadWorkflowRunnable :  :  :       Status: DataLoadError: Unable to load port content for node "Table Column to Variable": Can't read spec file C:\Users\ADMIN\AppData\Local\Temp\knime_temp_space_NAM_88450\01_Example_for_Bar_Chart88451\01_Example_for_Bar_Chart\Table Column to Variable (#36)\port_1\spec\spec.zip
2023-03-22 12:57:52,258 : ERROR : ModalContext :  : LoadWorkflowRunnable :  :  :     Status: DataLoadError: MISSING Bar Chart (Labs) 3:34
2023-03-22 12:57:52,258 : ERROR : ModalContext :  : LoadWorkflowRunnable :  :  :       Status: DataLoadError: Unable to load internally held tables for node "MISSING Bar Chart (Labs)": Cannot read directory C:\Users\ADMIN\AppData\Local\Temp\knime_temp_space_NAM_88450\01_Example_for_Bar_Chart88451\01_Example_for_Bar_Chart\Bar Chart _Labs_ (#34)\internalTables\object_0
2023-03-22 12:57:52,258 : ERROR : ModalContext :  : LoadWorkflowRunnable :  :  :     Status: DataLoadError: Bar Chart in a Data App 3:40
2023-03-22 12:57:52,259 : ERROR : ModalContext :  : LoadWorkflowRunnable :  :  :       Status: Error: Node "Bar Chart (Labs)" not available from extension "KNIME Views (Labs)" (provided by "KNIME AG, Zurich, Switzerland"; plugin "org.knime.base.views" is not installed)
2023-03-22 12:57:52,259 : ERROR : ModalContext :  : LoadWorkflowRunnable :  :  :       Status: DataLoadError: Single Selection Widget 3:40:0:38
2023-03-22 12:57:52,259 : ERROR : ModalContext :  : LoadWorkflowRunnable :  :  :         Status: DataLoadError: Unable to load port content for node "Single Selection Widget": Can't read spec file C:\Users\ADMIN\AppData\Local\Temp\knime_temp_space_NAM_88450\01_Example_for_Bar_Chart88451\01_Example_for_Bar_Chart\Bar Chart in (#40)\Single Selection Widget (#38)\port_1\spec\spec.zip
2023-03-22 12:57:52,259 : ERROR : ModalContext :  : LoadWorkflowRunnable :  :  :         Status: DataLoadError: State has changed from EXECUTED to IDLE
2023-03-22 12:57:52,259 : ERROR : ModalContext :  : LoadWorkflowRunnable :  :  :       Status: DataLoadError: Component Input 3:40:0:40
2023-03-22 12:57:52,259 : ERROR : ModalContext :  : LoadWorkflowRunnable :  :  :         Status: DataLoadError: Unable to load port content for node "Component Input": No such data file: C:\Users\ADMIN\AppData\Local\Temp\knime_temp_space_NAM_88450\01_Example_for_Bar_Chart88451\01_Example_for_Bar_Chart\Bar Chart in (#40)\Component Input (#40)\port_1\data.xml
2023-03-22 12:57:52,259 : ERROR : ModalContext :  : LoadWorkflowRunnable :  :  :         Status: DataLoadError: State has changed from EXECUTED to IDLE
2023-03-22 12:57:52,259 : ERROR : ModalContext :  : LoadWorkflowRunnable :  :  :       Status: DataLoadError: String Manipulation (Variable) 3:40:0:42
2023-03-22 12:57:52,259 : ERROR : ModalContext :  : LoadWorkflowRunnable :  :  :         Status: DataLoadError: Unable to load port content for node "String Manipulation (Variable)": Can't read spec file C:\Users\ADMIN\AppData\Local\Temp\knime_temp_space_NAM_88450\01_Example_for_Bar_Chart88451\01_Example_for_Bar_Chart\Bar Chart in (#40)\String Manipulation _Variable_ (#42)\port_1\spec\spec.zip
2023-03-22 12:57:52,259 : ERROR : ModalContext :  : LoadWorkflowRunnable :  :  :       Status: DataLoadError: MISSING Bar Chart (Labs) 3:40:0:39
2023-03-22 12:57:52,259 : ERROR : ModalContext :  : LoadWorkflowRunnable :  :  :         Status: DataLoadError: Unable to load internally held tables for node "MISSING Bar Chart (Labs)": Cannot read directory C:\Users\ADMIN\AppData\Local\Temp\knime_temp_space_NAM_88450\01_Example_for_Bar_Chart88451\01_Example_for_Bar_Chart\Bar Chart in (#40)\Bar Chart _Labs_ (#39)\internalTables\object_0
2023-03-22 12:57:52,259 : ERROR : ModalContext :  : LoadWorkflowRunnable :  :  :     Status: DataLoadError: MISSING Bar Chart (Labs) 3:29
2023-03-22 12:57:52,259 : ERROR : ModalContext :  : LoadWorkflowRunnable :  :  :       Status: DataLoadError: Unable to load internally held tables for node "MISSING Bar Chart (Labs)": Cannot read directory C:\Users\ADMIN\AppData\Local\Temp\knime_temp_space_NAM_88450\01_Example_for_Bar_Chart88451\01_Example_for_Bar_Chart\Bar Chart _Labs_ (#29)\internalTables\object_0
2023-03-22 12:57:52,259 : ERROR : ModalContext :  : LoadWorkflowRunnable :  :  :     Status: DataLoadError: MISSING Bar Chart (Labs) 3:31
2023-03-22 12:57:52,259 : ERROR : ModalContext :  : LoadWorkflowRunnable :  :  :       Status: DataLoadError: Unable to load internally held tables for node "MISSING Bar Chart (Labs)": Cannot read directory C:\Users\ADMIN\AppData\Local\Temp\knime_temp_space_NAM_88450\01_Example_for_Bar_Chart88451\01_Example_for_Bar_Chart\Bar Chart _Labs_ (#31)\internalTables\object_0
2023-03-22 12:57:52,259 : ERROR : ModalContext :  : LoadWorkflowRunnable :  :  :     Status: DataLoadError: State has changed from EXECUTED to IDLE
2023-03-22 12:59:12,369 : WARN  : ModalContext :  : Node : Workflow Data Area Connector : 3:32 : Connection no longer available. Please re-execute the node.
2023-03-22 12:59:12,385 : WARN  : ModalContext :  : Node : Table Reader : 3:33 : No connection available. Execute the connector node first.
2023-03-22 12:59:12,452 : WARN  : ModalContext :  : Node : Bar Chart (Labs) : 3:34 : Errors overwriting node settings with flow variables: Unknown variable "Row3"
2023-03-22 12:59:38,146 : WARN  : main :  : Node : Table Reader : 3:33 : No connection available. Execute the connector node first.
2023-03-22 12:59:38,146 : WARN  : main :  : Node : Bar Chart (Labs) : 3:34 : Errors overwriting node settings with flow variables: Unknown variable "Row3"
2023-03-22 12:59:51,436 : WARN  : KNIME-Worker-1-Table Reader 3:33 :  : Node : Bar Chart (Labs) : 3:34 : Errors overwriting node settings with flow variables: Unknown variable "Row3"
2023-03-22 15:25:20,241 : WARN  : ModalContext :  : Node : Workflow Data Area Connector : 3:32 : Connection no longer available. Please re-execute the node.
2023-03-22 15:25:20,335 : WARN  : ModalContext :  : Node : Table Reader : 3:33 : No connection available. Execute the connector node first.
2023-03-22 15:25:20,445 : WARN  : ModalContext :  : Node : Bar Chart (Labs) : 3:34 : Errors overwriting node settings with flow variables: Unknown variable "Row3"
2023-03-22 15:25:37,883 : WARN  : KNIME-Worker-5-Table Reader 3:33 :  : Node : Bar Chart (Labs) : 3:34 : Errors overwriting node settings with flow variables: Unknown variable "Row3"
